<?xml version="1.0" encoding="UTF-8"?>
<!-- Generated by org.testng.reporters.JUnitXMLReporter -->
<testsuite hostname="DESKTOP-HN0PUSP" name="group" tests="4" failures="0" timestamp="14 Jul 2018 17:27:06 GMT" time="0.063" errors="0">
  <testcase name="test1" time="0.004" classname="testNG_Package.TestNG_Class"/>
  <testcase name="test2" time="0.005" classname="testNG_Package.TestNG_Class"/>
  <testcase name="test3" time="0.0" classname="testNG_Package.TestNG_Class"/>
  <testcase name="test4" time="0.0" classname="testNG_Package.TestNG_Class"/>
</testsuite> <!-- group -->
